<?xml version="1.0" encoding="UTF-8"?>

<mule xmlns:xsi="http://www.w3.org/2001/XMLSchema-instance" xmlns:munit="http://www.mulesoft.org/schema/mule/munit" xmlns:munit-tools="http://www.mulesoft.org/schema/mule/munit-tools" xmlns="http://www.mulesoft.org/schema/mule/core" xmlns:doc="http://www.mulesoft.org/schema/mule/documentation" xsi:schemaLocation="
		http://www.mulesoft.org/schema/mule/core http://www.mulesoft.org/schema/mule/core/current/mule.xsd
		http://www.mulesoft.org/schema/mule/munit http://www.mulesoft.org/schema/mule/munit/current/mule-munit.xsd
		http://www.mulesoft.org/schema/mule/munit-tools  http://www.mulesoft.org/schema/mule/munit-tools/current/mule-munit-tools.xsd">
    <munit:config name="test-suite-2.xml" />
    <munit:test name="empty-test" doc:id="fa940e2d-e20f-4c54-9713-a3786b4e5ff5" description="Test">
        <munit:execution>
            <flow-ref doc:name="" doc:id="e979359c-7914-44f6-88bb-b100f004ee80" name="name1" />
        </munit:execution>
        <munit:validation>
            <munit-tools:assert-equals doc:name="Assert equals" doc:id="14fe67a5-260d-4bd5-b205-acfebdf66539" actual="#[1]" expected="#[1]" />
        </munit:validation>
    </munit:test>
</mule>